Nulo tabla 19/01/2026 14:44 MEF('030201', '30=', '', '2025', 'None') https://apps5.mineco.gob.pe/transparencia/Navegador/Navegar_7.aspx?_uhc=yes&0=&1=M&37=M&5=03&6=02&7=None&30=&y=2025&ap=&cpage=1&psize=400
Nulo tabla 19/01/2026 14:44 MEF('030201', '30=', 'Proyecto', '2025', 'None') https://apps5.mineco.gob.pe/transparencia/Navegador/Navegar_7.aspx?_uhc=yes&0=&1=M&37=M&5=03&6=02&7=None&30=&y=2025&ap=Proyecto&cpage=1&psize=400
Nulo tabla 19/01/2026 14:44 MEF('030201', '30=', 'Actividad', '2025', 'None') https://apps5.mineco.gob.pe/transparencia/Navegador/Navegar_7.aspx?_uhc=yes&0=&1=M&37=M&5=03&6=02&7=None&30=&y=2025&ap=Actividad&cpage=1&psize=400
Nulo tabla 19/01/2026 14:44 MEF('030201', '8=', '', '2025', 'None') https://apps5.mineco.gob.pe/transparencia/Navegador/Navegar_7.aspx?_uhc=yes&0=&1=M&37=M&5=03&6=02&7=None&8=&y=2025&ap=&cpage=1&psize=400
Nulo tabla 19/01/2026 14:44 MEF('030201', '8=', 'Proyecto', '2025', 'None') https://apps5.mineco.gob.pe/transparencia/Navegador/Navegar_7.aspx?_uhc=yes&0=&1=M&37=M&5=03&6=02&7=None&8=&y=2025&ap=Proyecto&cpage=1&psize=400
Nulo tabla 19/01/2026 14:44 MEF('030201', '8=', 'Actividad', '2025', 'None') https://apps5.mineco.gob.pe/transparencia/Navegador/Navegar_7.aspx?_uhc=yes&0=&1=M&37=M&5=03&6=02&7=None&8=&y=2025&ap=Actividad&cpage=1&psize=400
Nulo tabla 19/01/2026 14:44 MEF('030202', '30=', '', '2025', 'None') https://apps5.mineco.gob.pe/transparencia/Navegador/Navegar_7.aspx?_uhc=yes&0=&1=M&37=M&5=03&6=02&7=None&30=&y=2025&ap=&cpage=1&psize=400
Nulo tabla 19/01/2026 14:44 MEF('030202', '30=', 'Proyecto', '2025', 'None') https://apps5.mineco.gob.pe/transparencia/Navegador/Navegar_7.aspx?_uhc=yes&0=&1=M&37=M&5=03&6=02&7=None&30=&y=2025&ap=Proyecto&cpage=1&psize=400
Nulo tabla 19/01/2026 14:44 MEF('030202', '30=', 'Actividad', '2025', 'None') https://apps5.mineco.gob.pe/transparencia/Navegador/Navegar_7.aspx?_uhc=yes&0=&1=M&37=M&5=03&6=02&7=None&30=&y=2025&ap=Actividad&cpage=1&psize=400
Nulo tabla 19/01/2026 14:44 MEF('030202', '8=', 'Proyecto', '2025', 'None') https://apps5.mineco.gob.pe/transparencia/Navegador/Navegar_7.aspx?_uhc=yes&0=&1=M&37=M&5=03&6=02&7=None&8=&y=2025&ap=Proyecto&cpage=1&psize=400
Nulo tabla 19/01/2026 14:44 MEF('030202', '8=', 'Actividad', '2025', 'None') https://apps5.mineco.gob.pe/transparencia/Navegador/Navegar_7.aspx?_uhc=yes&0=&1=M&37=M&5=03&6=02&7=None&8=&y=2025&ap=Actividad&cpage=1&psize=400
Nulo tabla 19/01/2026 14:44 MEF('030202', '8=', '', '2025', 'None') https://apps5.mineco.gob.pe/transparencia/Navegador/Navegar_7.aspx?_uhc=yes&0=&1=M&37=M&5=03&6=02&7=None&8=&y=2025&ap=&cpage=1&psize=400
Nulo tabla 19/01/2026 14:44 MEF('030203', '30=', 'Proyecto', '2025', 'None') https://apps5.mineco.gob.pe/transparencia/Navegador/Navegar_7.aspx?_uhc=yes&0=&1=M&37=M&5=03&6=02&7=None&30=&y=2025&ap=Proyecto&cpage=1&psize=400
Nulo tabla 19/01/2026 14:44 MEF('030203', '30=', '', '2025', 'None') https://apps5.mineco.gob.pe/transparencia/Navegador/Navegar_7.aspx?_uhc=yes&0=&1=M&37=M&5=03&6=02&7=None&30=&y=2025&ap=&cpage=1&psize=400
Nulo tabla 19/01/2026 14:44 MEF('030203', '30=', 'Actividad', '2025', 'None') https://apps5.mineco.gob.pe/transparencia/Navegador/Navegar_7.aspx?_uhc=yes&0=&1=M&37=M&5=03&6=02&7=None&30=&y=2025&ap=Actividad&cpage=1&psize=400
Nulo tabla 19/01/2026 14:44 MEF('030203', '8=', 'Proyecto', '2025', 'None') https://apps5.mineco.gob.pe/transparencia/Navegador/Navegar_7.aspx?_uhc=yes&0=&1=M&37=M&5=03&6=02&7=None&8=&y=2025&ap=Proyecto&cpage=1&psize=400
Nulo tabla 19/01/2026 14:44 MEF('030203', '8=', '', '2025', 'None') https://apps5.mineco.gob.pe/transparencia/Navegador/Navegar_7.aspx?_uhc=yes&0=&1=M&37=M&5=03&6=02&7=None&8=&y=2025&ap=&cpage=1&psize=400
Nulo tabla 19/01/2026 14:44 MEF('030203', '8=', 'Actividad', '2025', 'None') https://apps5.mineco.gob.pe/transparencia/Navegador/Navegar_7.aspx?_uhc=yes&0=&1=M&37=M&5=03&6=02&7=None&8=&y=2025&ap=Actividad&cpage=1&psize=400
Nulo tabla 19/01/2026 14:44 MEF('030204', '30=', '', '2025', 'None') https://apps5.mineco.gob.pe/transparencia/Navegador/Navegar_7.aspx?_uhc=yes&0=&1=M&37=M&5=03&6=02&7=None&30=&y=2025&ap=&cpage=1&psize=400
Nulo tabla 19/01/2026 14:44 MEF('030204', '30=', 'Proyecto', '2025', 'None') https://apps5.mineco.gob.pe/transparencia/Navegador/Navegar_7.aspx?_uhc=yes&0=&1=M&37=M&5=03&6=02&7=None&30=&y=2025&ap=Proyecto&cpage=1&psize=400
Nulo tabla 19/01/2026 14:44 MEF('030204', '30=', 'Actividad', '2025', 'None') https://apps5.mineco.gob.pe/transparencia/Navegador/Navegar_7.aspx?_uhc=yes&0=&1=M&37=M&5=03&6=02&7=None&30=&y=2025&ap=Actividad&cpage=1&psize=400
Nulo tabla 19/01/2026 14:44 MEF('030204', '8=', '', '2025', 'None') https://apps5.mineco.gob.pe/transparencia/Navegador/Navegar_7.aspx?_uhc=yes&0=&1=M&37=M&5=03&6=02&7=None&8=&y=2025&ap=&cpage=1&psize=400
Nulo tabla 19/01/2026 14:44 MEF('030204', '8=', 'Proyecto', '2025', 'None') https://apps5.mineco.gob.pe/transparencia/Navegador/Navegar_7.aspx?_uhc=yes&0=&1=M&37=M&5=03&6=02&7=None&8=&y=2025&ap=Proyecto&cpage=1&psize=400
Nulo tabla 19/01/2026 14:44 MEF('030204', '8=', 'Actividad', '2025', 'None') https://apps5.mineco.gob.pe/transparencia/Navegador/Navegar_7.aspx?_uhc=yes&0=&1=M&37=M&5=03&6=02&7=None&8=&y=2025&ap=Actividad&cpage=1&psize=400
Nulo tabla 19/01/2026 14:44 MEF('030205', '30=', '', '2025', 'None') https://apps5.mineco.gob.pe/transparencia/Navegador/Navegar_7.aspx?_uhc=yes&0=&1=M&37=M&5=03&6=02&7=None&30=&y=2025&ap=&cpage=1&psize=400
Nulo tabla 19/01/2026 14:44 MEF('030205', '30=', 'Proyecto', '2025', 'None') https://apps5.mineco.gob.pe/transparencia/Navegador/Navegar_7.aspx?_uhc=yes&0=&1=M&37=M&5=03&6=02&7=None&30=&y=2025&ap=Proyecto&cpage=1&psize=400
Nulo tabla 19/01/2026 14:44 MEF('030205', '30=', 'Actividad', '2025', 'None') https://apps5.mineco.gob.pe/transparencia/Navegador/Navegar_7.aspx?_uhc=yes&0=&1=M&37=M&5=03&6=02&7=None&30=&y=2025&ap=Actividad&cpage=1&psize=400
Nulo tabla 19/01/2026 14:44 MEF('030205', '8=', '', '2025', 'None') https://apps5.mineco.gob.pe/transparencia/Navegador/Navegar_7.aspx?_uhc=yes&0=&1=M&37=M&5=03&6=02&7=None&8=&y=2025&ap=&cpage=1&psize=400
Nulo tabla 19/01/2026 14:44 MEF('030205', '8=', 'Proyecto', '2025', 'None') https://apps5.mineco.gob.pe/transparencia/Navegador/Navegar_7.aspx?_uhc=yes&0=&1=M&37=M&5=03&6=02&7=None&8=&y=2025&ap=Proyecto&cpage=1&psize=400
Nulo tabla 19/01/2026 14:44 MEF('030206', '30=', '', '2025', 'None') https://apps5.mineco.gob.pe/transparencia/Navegador/Navegar_7.aspx?_uhc=yes&0=&1=M&37=M&5=03&6=02&7=None&30=&y=2025&ap=&cpage=1&psize=400
Nulo tabla 19/01/2026 14:44 MEF('030205', '8=', 'Actividad', '2025', 'None') https://apps5.mineco.gob.pe/transparencia/Navegador/Navegar_7.aspx?_uhc=yes&0=&1=M&37=M&5=03&6=02&7=None&8=&y=2025&ap=Actividad&cpage=1&psize=400
Nulo tabla 19/01/2026 14:44 MEF('030206', '30=', 'Proyecto', '2025', 'None') https://apps5.mineco.gob.pe/transparencia/Navegador/Navegar_7.aspx?_uhc=yes&0=&1=M&37=M&5=03&6=02&7=None&30=&y=2025&ap=Proyecto&cpage=1&psize=400
Nulo tabla 19/01/2026 14:44 MEF('030206', '30=', 'Actividad', '2025', 'None') https://apps5.mineco.gob.pe/transparencia/Navegador/Navegar_7.aspx?_uhc=yes&0=&1=M&37=M&5=03&6=02&7=None&30=&y=2025&ap=Actividad&cpage=1&psize=400
Nulo tabla 19/01/2026 14:44 MEF('030206', '8=', '', '2025', 'None') https://apps5.mineco.gob.pe/transparencia/Navegador/Navegar_7.aspx?_uhc=yes&0=&1=M&37=M&5=03&6=02&7=None&8=&y=2025&ap=&cpage=1&psize=400
Nulo tabla 19/01/2026 14:44 MEF('030206', '8=', 'Proyecto', '2025', 'None') https://apps5.mineco.gob.pe/transparencia/Navegador/Navegar_7.aspx?_uhc=yes&0=&1=M&37=M&5=03&6=02&7=None&8=&y=2025&ap=Proyecto&cpage=1&psize=400
Nulo tabla 19/01/2026 14:44 MEF('030207', '30=', 'Proyecto', '2025', 'None') https://apps5.mineco.gob.pe/transparencia/Navegador/Navegar_7.aspx?_uhc=yes&0=&1=M&37=M&5=03&6=02&7=None&30=&y=2025&ap=Proyecto&cpage=1&psize=400
Nulo tabla 19/01/2026 14:44 MEF('030207', '30=', '', '2025', 'None') https://apps5.mineco.gob.pe/transparencia/Navegador/Navegar_7.aspx?_uhc=yes&0=&1=M&37=M&5=03&6=02&7=None&30=&y=2025&ap=&cpage=1&psize=400
Nulo tabla 19/01/2026 14:45 MEF('030206', '8=', 'Actividad', '2025', 'None') https://apps5.mineco.gob.pe/transparencia/Navegador/Navegar_7.aspx?_uhc=yes&0=&1=M&37=M&5=03&6=02&7=None&8=&y=2025&ap=Actividad&cpage=1&psize=400
Nulo tabla 19/01/2026 14:45 MEF('030207', '8=', '', '2025', 'None') https://apps5.mineco.gob.pe/transparencia/Navegador/Navegar_7.aspx?_uhc=yes&0=&1=M&37=M&5=03&6=02&7=None&8=&y=2025&ap=&cpage=1&psize=400
Nulo tabla 19/01/2026 14:45 MEF('030207', '30=', 'Actividad', '2025', 'None') https://apps5.mineco.gob.pe/transparencia/Navegador/Navegar_7.aspx?_uhc=yes&0=&1=M&37=M&5=03&6=02&7=None&30=&y=2025&ap=Actividad&cpage=1&psize=400
Nulo tabla 19/01/2026 14:45 MEF('030207', '8=', 'Proyecto', '2025', 'None') https://apps5.mineco.gob.pe/transparencia/Navegador/Navegar_7.aspx?_uhc=yes&0=&1=M&37=M&5=03&6=02&7=None&8=&y=2025&ap=Proyecto&cpage=1&psize=400
Nulo tabla 19/01/2026 14:45 MEF('030207', '8=', 'Actividad', '2025', 'None') https://apps5.mineco.gob.pe/transparencia/Navegador/Navegar_7.aspx?_uhc=yes&0=&1=M&37=M&5=03&6=02&7=None&8=&y=2025&ap=Actividad&cpage=1&psize=400
Nulo tabla 19/01/2026 14:45 MEF('030208', '30=', '', '2025', 'None') https://apps5.mineco.gob.pe/transparencia/Navegador/Navegar_7.aspx?_uhc=yes&0=&1=M&37=M&5=03&6=02&7=None&30=&y=2025&ap=&cpage=1&psize=400
Nulo tabla 19/01/2026 14:45 MEF('030208', '30=', 'Proyecto', '2025', 'None') https://apps5.mineco.gob.pe/transparencia/Navegador/Navegar_7.aspx?_uhc=yes&0=&1=M&37=M&5=03&6=02&7=None&30=&y=2025&ap=Proyecto&cpage=1&psize=400
Nulo tabla 19/01/2026 14:45 MEF('030208', '30=', 'Actividad', '2025', 'None') https://apps5.mineco.gob.pe/transparencia/Navegador/Navegar_7.aspx?_uhc=yes&0=&1=M&37=M&5=03&6=02&7=None&30=&y=2025&ap=Actividad&cpage=1&psize=400
Nulo tabla 19/01/2026 14:45 MEF('030208', '8=', 'Proyecto', '2025', 'None') https://apps5.mineco.gob.pe/transparencia/Navegador/Navegar_7.aspx?_uhc=yes&0=&1=M&37=M&5=03&6=02&7=None&8=&y=2025&ap=Proyecto&cpage=1&psize=400
Nulo tabla 19/01/2026 14:45 MEF('030208', '8=', '', '2025', 'None') https://apps5.mineco.gob.pe/transparencia/Navegador/Navegar_7.aspx?_uhc=yes&0=&1=M&37=M&5=03&6=02&7=None&8=&y=2025&ap=&cpage=1&psize=400
Nulo tabla 19/01/2026 14:45 MEF('030208', '8=', 'Actividad', '2025', 'None') https://apps5.mineco.gob.pe/transparencia/Navegador/Navegar_7.aspx?_uhc=yes&0=&1=M&37=M&5=03&6=02&7=None&8=&y=2025&ap=Actividad&cpage=1&psize=400
Nulo tabla 19/01/2026 14:45 MEF('030209', '30=', '', '2025', 'None') https://apps5.mineco.gob.pe/transparencia/Navegador/Navegar_7.aspx?_uhc=yes&0=&1=M&37=M&5=03&6=02&7=None&30=&y=2025&ap=&cpage=1&psize=400
Nulo tabla 19/01/2026 14:45 MEF('030209', '30=', 'Proyecto', '2025', 'None') https://apps5.mineco.gob.pe/transparencia/Navegador/Navegar_7.aspx?_uhc=yes&0=&1=M&37=M&5=03&6=02&7=None&30=&y=2025&ap=Proyecto&cpage=1&psize=400
Nulo tabla 19/01/2026 14:45 MEF('030209', '8=', '', '2025', 'None') https://apps5.mineco.gob.pe/transparencia/Navegador/Navegar_7.aspx?_uhc=yes&0=&1=M&37=M&5=03&6=02&7=None&8=&y=2025&ap=&cpage=1&psize=400
Nulo tabla 19/01/2026 14:45 MEF('030209', '30=', 'Actividad', '2025', 'None') https://apps5.mineco.gob.pe/transparencia/Navegador/Navegar_7.aspx?_uhc=yes&0=&1=M&37=M&5=03&6=02&7=None&30=&y=2025&ap=Actividad&cpage=1&psize=400
Nulo tabla 19/01/2026 14:45 MEF('030209', '8=', 'Proyecto', '2025', 'None') https://apps5.mineco.gob.pe/transparencia/Navegador/Navegar_7.aspx?_uhc=yes&0=&1=M&37=M&5=03&6=02&7=None&8=&y=2025&ap=Proyecto&cpage=1&psize=400
Nulo tabla 19/01/2026 14:45 MEF('030209', '8=', 'Actividad', '2025', 'None') https://apps5.mineco.gob.pe/transparencia/Navegador/Navegar_7.aspx?_uhc=yes&0=&1=M&37=M&5=03&6=02&7=None&8=&y=2025&ap=Actividad&cpage=1&psize=400
Nulo tabla 19/01/2026 14:45 MEF('030210', '30=', '', '2025', 'None') https://apps5.mineco.gob.pe/transparencia/Navegador/Navegar_7.aspx?_uhc=yes&0=&1=M&37=M&5=03&6=02&7=None&30=&y=2025&ap=&cpage=1&psize=400
Nulo tabla 19/01/2026 14:45 MEF('030210', '30=', 'Proyecto', '2025', 'None') https://apps5.mineco.gob.pe/transparencia/Navegador/Navegar_7.aspx?_uhc=yes&0=&1=M&37=M&5=03&6=02&7=None&30=&y=2025&ap=Proyecto&cpage=1&psize=400
Nulo tabla 19/01/2026 14:45 MEF('030210', '30=', 'Actividad', '2025', 'None') https://apps5.mineco.gob.pe/transparencia/Navegador/Navegar_7.aspx?_uhc=yes&0=&1=M&37=M&5=03&6=02&7=None&30=&y=2025&ap=Actividad&cpage=1&psize=400
Nulo tabla 19/01/2026 14:45 MEF('030210', '8=', '', '2025', 'None') https://apps5.mineco.gob.pe/transparencia/Navegador/Navegar_7.aspx?_uhc=yes&0=&1=M&37=M&5=03&6=02&7=None&8=&y=2025&ap=&cpage=1&psize=400
Nulo tabla 19/01/2026 14:45 MEF('030210', '8=', 'Proyecto', '2025', 'None') https://apps5.mineco.gob.pe/transparencia/Navegador/Navegar_7.aspx?_uhc=yes&0=&1=M&37=M&5=03&6=02&7=None&8=&y=2025&ap=Proyecto&cpage=1&psize=400
Nulo tabla 19/01/2026 14:45 MEF('030210', '8=', 'Actividad', '2025', 'None') https://apps5.mineco.gob.pe/transparencia/Navegador/Navegar_7.aspx?_uhc=yes&0=&1=M&37=M&5=03&6=02&7=None&8=&y=2025&ap=Actividad&cpage=1&psize=400
Nulo tabla 19/01/2026 14:45 MEF('030211', '30=', '', '2025', 'None') https://apps5.mineco.gob.pe/transparencia/Navegador/Navegar_7.aspx?_uhc=yes&0=&1=M&37=M&5=03&6=02&7=None&30=&y=2025&ap=&cpage=1&psize=400
Nulo tabla 19/01/2026 14:45 MEF('030211', '30=', 'Actividad', '2025', 'None') https://apps5.mineco.gob.pe/transparencia/Navegador/Navegar_7.aspx?_uhc=yes&0=&1=M&37=M&5=03&6=02&7=None&30=&y=2025&ap=Actividad&cpage=1&psize=400
Nulo tabla 19/01/2026 14:45 MEF('030211', '30=', 'Proyecto', '2025', 'None') https://apps5.mineco.gob.pe/transparencia/Navegador/Navegar_7.aspx?_uhc=yes&0=&1=M&37=M&5=03&6=02&7=None&30=&y=2025&ap=Proyecto&cpage=1&psize=400
Nulo tabla 19/01/2026 14:45 MEF('030211', '8=', '', '2025', 'None') https://apps5.mineco.gob.pe/transparencia/Navegador/Navegar_7.aspx?_uhc=yes&0=&1=M&37=M&5=03&6=02&7=None&8=&y=2025&ap=&cpage=1&psize=400
Nulo tabla 19/01/2026 14:45 MEF('030211', '8=', 'Proyecto', '2025', 'None') https://apps5.mineco.gob.pe/transparencia/Navegador/Navegar_7.aspx?_uhc=yes&0=&1=M&37=M&5=03&6=02&7=None&8=&y=2025&ap=Proyecto&cpage=1&psize=400
Nulo tabla 19/01/2026 14:45 MEF('030211', '8=', 'Actividad', '2025', 'None') https://apps5.mineco.gob.pe/transparencia/Navegador/Navegar_7.aspx?_uhc=yes&0=&1=M&37=M&5=03&6=02&7=None&8=&y=2025&ap=Actividad&cpage=1&psize=400
Nulo tabla 19/01/2026 14:45 MEF('030212', '30=', '', '2025', 'None') https://apps5.mineco.gob.pe/transparencia/Navegador/Navegar_7.aspx?_uhc=yes&0=&1=M&37=M&5=03&6=02&7=None&30=&y=2025&ap=&cpage=1&psize=400
Nulo tabla 19/01/2026 14:45 MEF('030212', '30=', 'Proyecto', '2025', 'None') https://apps5.mineco.gob.pe/transparencia/Navegador/Navegar_7.aspx?_uhc=yes&0=&1=M&37=M&5=03&6=02&7=None&30=&y=2025&ap=Proyecto&cpage=1&psize=400
Nulo tabla 19/01/2026 14:45 MEF('030212', '8=', '', '2025', 'None') https://apps5.mineco.gob.pe/transparencia/Navegador/Navegar_7.aspx?_uhc=yes&0=&1=M&37=M&5=03&6=02&7=None&8=&y=2025&ap=&cpage=1&psize=400
Nulo tabla 19/01/2026 14:45 MEF('030212', '30=', 'Actividad', '2025', 'None') https://apps5.mineco.gob.pe/transparencia/Navegador/Navegar_7.aspx?_uhc=yes&0=&1=M&37=M&5=03&6=02&7=None&30=&y=2025&ap=Actividad&cpage=1&psize=400
Nulo tabla 19/01/2026 14:45 MEF('030213', '30=', '', '2025', 'None') https://apps5.mineco.gob.pe/transparencia/Navegador/Navegar_7.aspx?_uhc=yes&0=&1=M&37=M&5=03&6=02&7=None&30=&y=2025&ap=&cpage=1&psize=400
Nulo tabla 19/01/2026 14:45 MEF('030212', '8=', 'Proyecto', '2025', 'None') https://apps5.mineco.gob.pe/transparencia/Navegador/Navegar_7.aspx?_uhc=yes&0=&1=M&37=M&5=03&6=02&7=None&8=&y=2025&ap=Proyecto&cpage=1&psize=400
Nulo tabla 19/01/2026 14:45 MEF('030212', '8=', 'Actividad', '2025', 'None') https://apps5.mineco.gob.pe/transparencia/Navegador/Navegar_7.aspx?_uhc=yes&0=&1=M&37=M&5=03&6=02&7=None&8=&y=2025&ap=Actividad&cpage=1&psize=400
Nulo tabla 19/01/2026 14:45 MEF('030213', '30=', 'Actividad', '2025', 'None') https://apps5.mineco.gob.pe/transparencia/Navegador/Navegar_7.aspx?_uhc=yes&0=&1=M&37=M&5=03&6=02&7=None&30=&y=2025&ap=Actividad&cpage=1&psize=400
Nulo tabla 19/01/2026 14:45 MEF('030213', '30=', 'Proyecto', '2025', 'None') https://apps5.mineco.gob.pe/transparencia/Navegador/Navegar_7.aspx?_uhc=yes&0=&1=M&37=M&5=03&6=02&7=None&30=&y=2025&ap=Proyecto&cpage=1&psize=400
Nulo tabla 19/01/2026 14:45 MEF('030213', '8=', 'Proyecto', '2025', 'None') https://apps5.mineco.gob.pe/transparencia/Navegador/Navegar_7.aspx?_uhc=yes&0=&1=M&37=M&5=03&6=02&7=None&8=&y=2025&ap=Proyecto&cpage=1&psize=400
Nulo tabla 19/01/2026 14:45 MEF('030213', '8=', '', '2025', 'None') https://apps5.mineco.gob.pe/transparencia/Navegador/Navegar_7.aspx?_uhc=yes&0=&1=M&37=M&5=03&6=02&7=None&8=&y=2025&ap=&cpage=1&psize=400
Nulo tabla 19/01/2026 14:45 MEF('030213', '8=', 'Actividad', '2025', 'None') https://apps5.mineco.gob.pe/transparencia/Navegador/Navegar_7.aspx?_uhc=yes&0=&1=M&37=M&5=03&6=02&7=None&8=&y=2025&ap=Actividad&cpage=1&psize=400
Nulo tabla 19/01/2026 14:45 MEF('030214', '30=', '', '2025', 'None') https://apps5.mineco.gob.pe/transparencia/Navegador/Navegar_7.aspx?_uhc=yes&0=&1=M&37=M&5=03&6=02&7=None&30=&y=2025&ap=&cpage=1&psize=400
Nulo tabla 19/01/2026 14:45 MEF('030214', '30=', 'Proyecto', '2025', 'None') https://apps5.mineco.gob.pe/transparencia/Navegador/Navegar_7.aspx?_uhc=yes&0=&1=M&37=M&5=03&6=02&7=None&30=&y=2025&ap=Proyecto&cpage=1&psize=400
Nulo tabla 19/01/2026 14:45 MEF('030214', '8=', '', '2025', 'None') https://apps5.mineco.gob.pe/transparencia/Navegador/Navegar_7.aspx?_uhc=yes&0=&1=M&37=M&5=03&6=02&7=None&8=&y=2025&ap=&cpage=1&psize=400
Nulo tabla 19/01/2026 14:45 MEF('030214', '30=', 'Actividad', '2025', 'None') https://apps5.mineco.gob.pe/transparencia/Navegador/Navegar_7.aspx?_uhc=yes&0=&1=M&37=M&5=03&6=02&7=None&30=&y=2025&ap=Actividad&cpage=1&psize=400
Nulo tabla 19/01/2026 14:45 MEF('030214', '8=', 'Proyecto', '2025', 'None') https://apps5.mineco.gob.pe/transparencia/Navegador/Navegar_7.aspx?_uhc=yes&0=&1=M&37=M&5=03&6=02&7=None&8=&y=2025&ap=Proyecto&cpage=1&psize=400
Nulo tabla 19/01/2026 14:45 MEF('030214', '8=', 'Actividad', '2025', 'None') https://apps5.mineco.gob.pe/transparencia/Navegador/Navegar_7.aspx?_uhc=yes&0=&1=M&37=M&5=03&6=02&7=None&8=&y=2025&ap=Actividad&cpage=1&psize=400
Nulo tabla 19/01/2026 14:45 MEF('030215', '30=', '', '2025', 'None') https://apps5.mineco.gob.pe/transparencia/Navegador/Navegar_7.aspx?_uhc=yes&0=&1=M&37=M&5=03&6=02&7=None&30=&y=2025&ap=&cpage=1&psize=400
Nulo tabla 19/01/2026 14:45 MEF('030215', '30=', 'Actividad', '2025', 'None') https://apps5.mineco.gob.pe/transparencia/Navegador/Navegar_7.aspx?_uhc=yes&0=&1=M&37=M&5=03&6=02&7=None&30=&y=2025&ap=Actividad&cpage=1&psize=400
Nulo tabla 19/01/2026 14:45 MEF('030215', '30=', 'Proyecto', '2025', 'None') https://apps5.mineco.gob.pe/transparencia/Navegador/Navegar_7.aspx?_uhc=yes&0=&1=M&37=M&5=03&6=02&7=None&30=&y=2025&ap=Proyecto&cpage=1&psize=400
Nulo tabla 19/01/2026 14:45 MEF('030215', '8=', '', '2025', 'None') https://apps5.mineco.gob.pe/transparencia/Navegador/Navegar_7.aspx?_uhc=yes&0=&1=M&37=M&5=03&6=02&7=None&8=&y=2025&ap=&cpage=1&psize=400
Nulo tabla 19/01/2026 14:45 MEF('030215', '8=', 'Proyecto', '2025', 'None') https://apps5.mineco.gob.pe/transparencia/Navegador/Navegar_7.aspx?_uhc=yes&0=&1=M&37=M&5=03&6=02&7=None&8=&y=2025&ap=Proyecto&cpage=1&psize=400
Nulo tabla 19/01/2026 14:45 MEF('030216', '30=', 'Proyecto', '2025', 'None') https://apps5.mineco.gob.pe/transparencia/Navegador/Navegar_7.aspx?_uhc=yes&0=&1=M&37=M&5=03&6=02&7=None&30=&y=2025&ap=Proyecto&cpage=1&psize=400
Nulo tabla 19/01/2026 14:45 MEF('030215', '8=', 'Actividad', '2025', 'None') https://apps5.mineco.gob.pe/transparencia/Navegador/Navegar_7.aspx?_uhc=yes&0=&1=M&37=M&5=03&6=02&7=None&8=&y=2025&ap=Actividad&cpage=1&psize=400
Nulo tabla 19/01/2026 14:45 MEF('030216', '30=', '', '2025', 'None') https://apps5.mineco.gob.pe/transparencia/Navegador/Navegar_7.aspx?_uhc=yes&0=&1=M&37=M&5=03&6=02&7=None&30=&y=2025&ap=&cpage=1&psize=400
Nulo tabla 19/01/2026 14:45 MEF('030216', '8=', '', '2025', 'None') https://apps5.mineco.gob.pe/transparencia/Navegador/Navegar_7.aspx?_uhc=yes&0=&1=M&37=M&5=03&6=02&7=None&8=&y=2025&ap=&cpage=1&psize=400
Nulo tabla 19/01/2026 14:45 MEF('030216', '30=', 'Actividad', '2025', 'None') https://apps5.mineco.gob.pe/transparencia/Navegador/Navegar_7.aspx?_uhc=yes&0=&1=M&37=M&5=03&6=02&7=None&30=&y=2025&ap=Actividad&cpage=1&psize=400
Nulo tabla 19/01/2026 14:45 MEF('030216', '8=', 'Proyecto', '2025', 'None') https://apps5.mineco.gob.pe/transparencia/Navegador/Navegar_7.aspx?_uhc=yes&0=&1=M&37=M&5=03&6=02&7=None&8=&y=2025&ap=Proyecto&cpage=1&psize=400
Nulo tabla 19/01/2026 14:45 MEF('030216', '8=', 'Actividad', '2025', 'None') https://apps5.mineco.gob.pe/transparencia/Navegador/Navegar_7.aspx?_uhc=yes&0=&1=M&37=M&5=03&6=02&7=None&8=&y=2025&ap=Actividad&cpage=1&psize=400
Nulo tabla 19/01/2026 14:45 MEF('030217', '30=', 'Proyecto', '2025', 'None') https://apps5.mineco.gob.pe/transparencia/Navegador/Navegar_7.aspx?_uhc=yes&0=&1=M&37=M&5=03&6=02&7=None&30=&y=2025&ap=Proyecto&cpage=1&psize=400
Nulo tabla 19/01/2026 14:45 MEF('030217', '30=', '', '2025', 'None') https://apps5.mineco.gob.pe/transparencia/Navegador/Navegar_7.aspx?_uhc=yes&0=&1=M&37=M&5=03&6=02&7=None&30=&y=2025&ap=&cpage=1&psize=400
Nulo tabla 19/01/2026 14:45 MEF('030217', '30=', 'Actividad', '2025', 'None') https://apps5.mineco.gob.pe/transparencia/Navegador/Navegar_7.aspx?_uhc=yes&0=&1=M&37=M&5=03&6=02&7=None&30=&y=2025&ap=Actividad&cpage=1&psize=400
Nulo tabla 19/01/2026 14:45 MEF('030217', '8=', 'Proyecto', '2025', 'None') https://apps5.mineco.gob.pe/transparencia/Navegador/Navegar_7.aspx?_uhc=yes&0=&1=M&37=M&5=03&6=02&7=None&8=&y=2025&ap=Proyecto&cpage=1&psize=400
Nulo tabla 19/01/2026 14:45 MEF('030217', '8=', '', '2025', 'None') https://apps5.mineco.gob.pe/transparencia/Navegador/Navegar_7.aspx?_uhc=yes&0=&1=M&37=M&5=03&6=02&7=None&8=&y=2025&ap=&cpage=1&psize=400
Nulo tabla 19/01/2026 14:45 MEF('030218', '30=', '', '2025', 'None') https://apps5.mineco.gob.pe/transparencia/Navegador/Navegar_7.aspx?_uhc=yes&0=&1=M&37=M&5=03&6=02&7=None&30=&y=2025&ap=&cpage=1&psize=400
Nulo tabla 19/01/2026 14:45 MEF('030217', '8=', 'Actividad', '2025', 'None') https://apps5.mineco.gob.pe/transparencia/Navegador/Navegar_7.aspx?_uhc=yes&0=&1=M&37=M&5=03&6=02&7=None&8=&y=2025&ap=Actividad&cpage=1&psize=400
Nulo tabla 19/01/2026 14:45 MEF('030218', '8=', '', '2025', 'None') https://apps5.mineco.gob.pe/transparencia/Navegador/Navegar_7.aspx?_uhc=yes&0=&1=M&37=M&5=03&6=02&7=None&8=&y=2025&ap=&cpage=1&psize=400
Nulo tabla 19/01/2026 14:45 MEF('030218', '30=', 'Actividad', '2025', 'None') https://apps5.mineco.gob.pe/transparencia/Navegador/Navegar_7.aspx?_uhc=yes&0=&1=M&37=M&5=03&6=02&7=None&30=&y=2025&ap=Actividad&cpage=1&psize=400
Nulo tabla 19/01/2026 14:45 MEF('030218', '30=', 'Proyecto', '2025', 'None') https://apps5.mineco.gob.pe/transparencia/Navegador/Navegar_7.aspx?_uhc=yes&0=&1=M&37=M&5=03&6=02&7=None&30=&y=2025&ap=Proyecto&cpage=1&psize=400
Nulo tabla 19/01/2026 14:45 MEF('030218', '8=', 'Proyecto', '2025', 'None') https://apps5.mineco.gob.pe/transparencia/Navegador/Navegar_7.aspx?_uhc=yes&0=&1=M&37=M&5=03&6=02&7=None&8=&y=2025&ap=Proyecto&cpage=1&psize=400
Nulo tabla 19/01/2026 14:45 MEF('030218', '8=', 'Actividad', '2025', 'None') https://apps5.mineco.gob.pe/transparencia/Navegador/Navegar_7.aspx?_uhc=yes&0=&1=M&37=M&5=03&6=02&7=None&8=&y=2025&ap=Actividad&cpage=1&psize=400
Nulo tabla 19/01/2026 14:45 MEF('030219', '30=', '', '2025', 'None') https://apps5.mineco.gob.pe/transparencia/Navegador/Navegar_7.aspx?_uhc=yes&0=&1=M&37=M&5=03&6=02&7=None&30=&y=2025&ap=&cpage=1&psize=400
Nulo tabla 19/01/2026 14:45 MEF('030219', '30=', 'Proyecto', '2025', 'None') https://apps5.mineco.gob.pe/transparencia/Navegador/Navegar_7.aspx?_uhc=yes&0=&1=M&37=M&5=03&6=02&7=None&30=&y=2025&ap=Proyecto&cpage=1&psize=400
Nulo tabla 19/01/2026 14:45 MEF('030219', '8=', '', '2025', 'None') https://apps5.mineco.gob.pe/transparencia/Navegador/Navegar_7.aspx?_uhc=yes&0=&1=M&37=M&5=03&6=02&7=None&8=&y=2025&ap=&cpage=1&psize=400
Nulo tabla 19/01/2026 14:45 MEF('030219', '30=', 'Actividad', '2025', 'None') https://apps5.mineco.gob.pe/transparencia/Navegador/Navegar_7.aspx?_uhc=yes&0=&1=M&37=M&5=03&6=02&7=None&30=&y=2025&ap=Actividad&cpage=1&psize=400
Nulo tabla 19/01/2026 14:45 MEF('030219', '8=', 'Proyecto', '2025', 'None') https://apps5.mineco.gob.pe/transparencia/Navegador/Navegar_7.aspx?_uhc=yes&0=&1=M&37=M&5=03&6=02&7=None&8=&y=2025&ap=Proyecto&cpage=1&psize=400
Nulo tabla 19/01/2026 14:45 MEF('030219', '8=', 'Actividad', '2025', 'None') https://apps5.mineco.gob.pe/transparencia/Navegador/Navegar_7.aspx?_uhc=yes&0=&1=M&37=M&5=03&6=02&7=None&8=&y=2025&ap=Actividad&cpage=1&psize=400
Nulo tabla 19/01/2026 14:45 MEF('030220', '30=', 'Proyecto', '2025', 'None') https://apps5.mineco.gob.pe/transparencia/Navegador/Navegar_7.aspx?_uhc=yes&0=&1=M&37=M&5=03&6=02&7=None&30=&y=2025&ap=Proyecto&cpage=1&psize=400
Nulo tabla 19/01/2026 14:45 MEF('030220', '30=', '', '2025', 'None') https://apps5.mineco.gob.pe/transparencia/Navegador/Navegar_7.aspx?_uhc=yes&0=&1=M&37=M&5=03&6=02&7=None&30=&y=2025&ap=&cpage=1&psize=400
Nulo tabla 19/01/2026 14:45 MEF('030220', '30=', 'Actividad', '2025', 'None') https://apps5.mineco.gob.pe/transparencia/Navegador/Navegar_7.aspx?_uhc=yes&0=&1=M&37=M&5=03&6=02&7=None&30=&y=2025&ap=Actividad&cpage=1&psize=400
Nulo tabla 19/01/2026 14:45 MEF('030220', '8=', '', '2025', 'None') https://apps5.mineco.gob.pe/transparencia/Navegador/Navegar_7.aspx?_uhc=yes&0=&1=M&37=M&5=03&6=02&7=None&8=&y=2025&ap=&cpage=1&psize=400
Nulo tabla 19/01/2026 14:45 MEF('030220', '8=', 'Proyecto', '2025', 'None') https://apps5.mineco.gob.pe/transparencia/Navegador/Navegar_7.aspx?_uhc=yes&0=&1=M&37=M&5=03&6=02&7=None&8=&y=2025&ap=Proyecto&cpage=1&psize=400
Nulo tabla 19/01/2026 14:45 MEF('030220', '8=', 'Actividad', '2025', 'None') https://apps5.mineco.gob.pe/transparencia/Navegador/Navegar_7.aspx?_uhc=yes&0=&1=M&37=M&5=03&6=02&7=None&8=&y=2025&ap=Actividad&cpage=1&psize=400
Error insertar ubigeo' 061311' 19/01/2026 15:51: connection already closed, https://apps5.mineco.gob.pe/transparencia/Navegador/Navegar_7.aspx?_uhc=yes&0=&1=M&37=M&5=06&6=13&7=300676&8=&y=2025&ap=Proyecto&cpage=1&psize=400
Error insertar ubigeo' 061311' 19/01/2026 15:51: connection already closed, https://apps5.mineco.gob.pe/transparencia/Navegador/Navegar_7.aspx?_uhc=yes&0=&1=M&37=M&5=06&6=13&7=300676&8=&y=2025&ap=Actividad&cpage=1&psize=400
